inshilsing propartiefile & or & log4j 
open the edgebrowser:-edge
navigate to urlhttps://www.amazon.in
select the dropdown optionsearchDropdownBox
enter the text horrypotter twotabsearchtextbox
click amazon search button/html/body/div[1]/header/div/div[1]/div[3]/div/form/div[2]/div/input
inshilsing propartiefile & or & log4j 
open the edgebrowser:-edge
navigate to urlhttps://www.amazon.in
select the dropdown optionsearchDropdownBox
enter the text horrypotter twotabsearchtextbox
click amazon search button/html/body/div[1]/header/div/div[1]/div[3]/div/form/div[2]/div/input
inshilsing propartiefile & or & log4j 
open the edgebrowser:-edge
navigate to urlhttps://www.amazon.in
select the dropdown optionsearchDropdownBox
enter the text horrypotter twotabsearchtextbox
click amazon search button/html/body/div[1]/header/div/div[1]/div[3]/div/form/div[2]/div/input
inshilsing propartiefile & or & log4j 
open the edgebrowser:-edge
inshilsing propartiefile & or & log4j 
open the edgebrowser:-edge
navigate to urlhttps://www.amazon.in
select the dropdown optionsearchDropdownBox
enter the text horrypotter twotabsearchtextbox
click amazon search button/html/body/div[1]/header/div/div[1]/div[3]/div/form/div[2]/div/input
inshilsing propartiefile & or & log4j 
open the edgebrowser:-edge
navigate to urlhttps://www.amazon.in
select the dropdown optionsearchDropdownBox
enter the text horrypotter twotabsearchtextbox
click amazon search button/html/body/div[1]/header/div/div[1]/div[3]/div/form/div[2]/div/input
inshilsing propartiefile & or & log4j 
open the edgebrowser:-edge
navigate to urlhttps://www.amazon.in
select the dropdown optionsearchDropdownBox
enter the text horrypotter twotabsearchtextbox
click amazon search button/html/body/div[1]/header/div/div[1]/div[3]/div/form/div[2]/div/input
inshilsing propartiefile & or & log4j 
open the edgebrowser:-edge
navigate to urlhttps://www.amazon.in
inshilsing propartiefile & or & log4j 
open the edgebrowser:-edge
navigate to urlhttps://www.amazon.in
inshilsing propartiefile & or & log4j 
open the edgebrowser:-edge
navigate to urlhttps://www.amazon.in
inshilsing propartiefile & or & log4j 
open the edgebrowser:-edge
navigate to urlhttps://www.amazon.in
select the dropdown optionsearchDropdownBox
enter the text horrypotter twotabsearchtextbox
click amazon search button/html/body/div[1]/header/div/div[1]/div[3]/div/form/div[2]/div/input
